<?xml version="1.0" encoding="UTF-8"?>
<beans xmlns="http://www.springframework.org/schema/beans"
       xmlns:xsi="http://www.w3.org/2001/XMLSchema-instance"
       xmlns:context="http://www.springframework.org/schema/context"
       xmlns:mongo="http://www.springframework.org/schema/data/mongo"
       xsi:schemaLocation="http://www.springframework.org/schema/context
          http://www.springframework.org/schema/context/spring-context-3.0.xsd
          http://www.springframework.org/schema/data/mongo
          http://www.springframework.org/schema/data/mongo/spring-mongo-1.0.xsd
          http://www.springframework.org/schema/beans
          http://www.springframework.org/schema/beans/spring-beans-3.0.xsd">

    <!--
      Setting UP the mongo - see "AppTest.java" of how this is actually bootstapped, ... flapdoodle FTW!
    -->
    <mongo:mongo id="mongoDb" host="localhost" port="12345" />

    <mongo:db-factory id="mongoDbFactory" dbname="springmongo" mongo-ref="mongoDb"/>
    <bean id="mongoTemplate" class="org.springframework.data.mongodb.core.MongoTemplate">
        <constructor-arg name="mongoDbFactory" ref="mongoDbFactory" />
    </bean>

    <mongo:repositories base-package="fi.zcode.springmongo.repository" mongo-template-ref="mongoTemplate" />

</beans>
